[2021-02-09 20:41:38,475] [INFO    ][OK] Llamada al script calcular_caminos_entre_puntos.py [OK]
[2021-02-09 20:41:38,475] [INFO    ]El programa lanzado es: ALL SKODA CITIGOE IV Albacete Bus Cadiz Bus 90 10  INFO /home/tfm/Documentos/TFM/ElectricRoute/flask_auth_app_lucia_sql/logs/
[2021-02-09 20:41:38,475] [INFO    ]1.- Carga de inputs desde Base de Datos
[2021-02-09 20:41:38,475] [INFO    ]Crear conexion a DB
[2021-02-09 20:41:38,480] [INFO    ]Query a PuntosCarga
[2021-02-09 20:41:38,514] [INFO    ]Query a GasolinerasPropuesta
[2021-02-09 20:41:38,542] [INFO    ]Query a Ciudades
[2021-02-09 20:41:38,551] [INFO    ]Query a ElectriCar
[2021-02-09 20:41:38,555] [INFO    ]Query a Matriz_distancia_haversine
[2021-02-09 20:41:40,415] [INFO    ]Query a Matriz_distancia_haversine completo
[2021-02-09 20:41:55,616] [INFO    ]Cerrar conexion con DB
[2021-02-09 20:41:55,616] [INFO    ]2.- Aplicar las restricciones
[2021-02-09 20:41:55,616] [INFO    ]a) Si no se especifica tipo de conector, no se aplica restriccion
[2021-02-09 20:41:55,616] [INFO    ]b) Restriccion de primera parada
[2021-02-09 20:41:55,644] [INFO    ]c) Restriccion de ultima parada
[2021-02-09 20:41:55,670] [INFO    ]Se genera el dataframe reducido que cumple con todas las restricciones
[2021-02-09 20:41:55,818] [INFO    ]df_distancias (70436, 3)
[2021-02-09 20:41:55,819] [INFO    ]df_distancias_reduced (70373, 5)
[2021-02-09 20:41:55,819] [INFO    ]3.- Calcular tiempos (de recorrido y parada)
[2021-02-09 20:41:55,819] [INFO    ]a) Tiempo de recorrido
[2021-02-09 20:41:55,821] [INFO    ]b) Tiempo de parada
[2021-02-09 20:41:55,821] [INFO    ]Filtro las distancias menores o iguales de 50 km entre las CIUDADES IMPORTANTES y el resto de coordenadas
[2021-02-09 20:41:58,194] [INFO    ]Calculo tiempo de parada para puntos de recarga
[2021-02-09 20:41:58,291] [INFO    ]Se genera el dataframe reducido con columna basada en Suma_time_parada_h
[2021-02-09 20:41:58,323] [INFO    ]4.- Construir el grafo
[2021-02-09 20:42:09,052] [INFO    ]5.- Calculo rutas optimas
[2021-02-09 20:42:09,129] [INFO    ]La ruta optima es: ['Albacete Bus', 'punto_recarga_241', 'punto_recarga_22', 'punto_recarga_11', 'punto_recarga_86', 'Cadiz Bus']
[2021-02-09 20:42:09,157] [INFO    ]Tiempo de parada en Albacete Bus es 0.0 h
[2021-02-09 20:42:09,158] [INFO    ]Tiempo total del tramo Albacete Bus - punto_recarga_241 es 0.029868692946823185 h
[2021-02-09 20:42:09,186] [INFO    ]Tiempo de parada en punto_recarga_241 es 0.7284242424242423 h
[2021-02-09 20:42:09,186] [INFO    ]Tiempo total del tramo punto_recarga_241 - punto_recarga_22 es 2.27848291920248 h
[2021-02-09 20:42:09,213] [INFO    ]Tiempo de parada en punto_recarga_22 es 0.34211560044893374 h
[2021-02-09 20:42:09,213] [INFO    ]Tiempo total del tramo punto_recarga_22 - punto_recarga_11 es 1.9177530781235417 h
[2021-02-09 20:42:09,241] [INFO    ]Tiempo de parada en punto_recarga_11 es 0.34211560044893374 h
[2021-02-09 20:42:09,241] [INFO    ]Tiempo total del tramo punto_recarga_11 - punto_recarga_86 es 1.7694697332906038 h
[2021-02-09 20:42:09,270] [INFO    ]Tiempo de parada en punto_recarga_86 es 0.34211560044893374 h
[2021-02-09 20:42:09,271] [INFO    ]Tiempo total del tramo punto_recarga_86 - Cadiz Bus es 0.42397184361771145 h
[2021-02-09 20:42:09,271] [INFO    ]El tiempo total tardado es: 6.41954626718116 h
[2021-02-09 20:42:09,350] [INFO    ]6.- Carga de outputs a Base de Datos
[2021-02-09 20:42:09,350] [INFO    ]Crear conexion a DB
[2021-02-09 20:42:09,354] [INFO    ]Query a Output
[2021-02-09 20:42:09,358] [INFO    ]1 registros insertados.
[2021-02-09 20:42:09,358] [INFO    ]Cerrar conexion con DB
[2021-02-09 20:42:09,358] [INFO    ][OK] Final del script calcular_caminos_entre_puntos.py [OK]
[2021-02-09 20:42:09,390] [INFO    ]127.0.0.1 - - [09/Feb/2021 20:42:09] "[37mPOST /Route HTTP/1.1[0m" 200 -
[2021-02-09 20:48:39,930] [INFO    ] * Detected change in '/home/tfm/Documentos/TFM/ElectricRoute/flask_auth_app_lucia_sql/project/main.py', reloading
[2021-02-09 20:48:43,182] [INFO    ][OK] Llamada al script calcular_caminos_entre_puntos.py [OK]
[2021-02-09 20:48:43,182] [INFO    ]El programa lanzado es: ALL SKODA CITIGOE IV Albacete Bus Cadiz Bus 90 10  INFO /home/tfm/Documentos/TFM/ElectricRoute/flask_auth_app_lucia_sql/logs/
[2021-02-09 20:48:43,183] [INFO    ]1.- Carga de inputs desde Base de Datos
[2021-02-09 20:48:43,183] [INFO    ]Crear conexion a DB
[2021-02-09 20:48:43,209] [INFO    ]Query a PuntosCarga
[2021-02-09 20:48:43,260] [INFO    ]Query a GasolinerasPropuesta
[2021-02-09 20:48:43,305] [INFO    ]Query a Ciudades
[2021-02-09 20:48:43,316] [INFO    ]Query a ElectriCar
[2021-02-09 20:48:43,326] [INFO    ]Query a Matriz_distancia_haversine
[2021-02-09 20:48:45,795] [INFO    ]Query a Matriz_distancia_haversine completo
[2021-02-09 20:48:47,757] [INFO    ]127.0.0.1 - - [09/Feb/2021 20:48:47] "[37mGET /Settings HTTP/1.1[0m" 200 -
[2021-02-09 20:48:47,867] [INFO    ]127.0.0.1 - - [09/Feb/2021 20:48:47] "[33mGET /static/img/avatar_login.jpg HTTP/1.1[0m" 404 -
[2021-02-09 20:49:01,034] [INFO    ]Cerrar conexion con DB
[2021-02-09 20:49:01,034] [INFO    ]2.- Aplicar las restricciones
[2021-02-09 20:49:01,034] [INFO    ]a) Si no se especifica tipo de conector, no se aplica restriccion
[2021-02-09 20:49:01,034] [INFO    ]b) Restriccion de primera parada
[2021-02-09 20:49:01,063] [INFO    ]c) Restriccion de ultima parada
[2021-02-09 20:49:01,089] [INFO    ]Se genera el dataframe reducido que cumple con todas las restricciones
[2021-02-09 20:49:01,258] [INFO    ]df_distancias (70436, 3)
[2021-02-09 20:49:01,259] [INFO    ]df_distancias_reduced (70373, 5)
[2021-02-09 20:49:01,260] [INFO    ]3.- Calcular tiempos (de recorrido y parada)
[2021-02-09 20:49:01,260] [INFO    ]a) Tiempo de recorrido
[2021-02-09 20:49:01,261] [INFO    ]b) Tiempo de parada
[2021-02-09 20:49:01,261] [INFO    ]Filtro las distancias menores o iguales de 50 km entre las CIUDADES IMPORTANTES y el resto de coordenadas
[2021-02-09 20:49:03,784] [INFO    ]Calculo tiempo de parada para puntos de recarga
[2021-02-09 20:49:03,875] [INFO    ]Se genera el dataframe reducido con columna basada en Suma_time_parada_h
[2021-02-09 20:49:03,907] [INFO    ]4.- Construir el grafo
[2021-02-09 20:49:10,903] [INFO    ] * Detected change in '/home/tfm/Documentos/TFM/ElectricRoute/flask_auth_app_lucia_sql/project/main.py', reloading
