[2021-02-07 21:16:03,465] [INFO    ][OK] Llamada al script calcular_caminos_entre_puntos.py [OK]
[2021-02-07 21:16:03,465] [INFO    ]El programa lanzado es: ALL VOLKSWAGEN ID3 PURE Alicante Tren A Corunia Bus 90 10  INFO /home/tfm/Documentos/TFM/ElectricRoute/flask_auth_app_lucia_sql/logs/
[2021-02-07 21:16:03,465] [INFO    ]1.- Carga de inputs desde Base de Datos
[2021-02-07 21:16:03,465] [INFO    ]Crear conexion a DB
[2021-02-07 21:16:03,470] [INFO    ]Query a PuntosCarga
[2021-02-07 21:16:03,541] [INFO    ]Query a GasolinerasPropuesta
[2021-02-07 21:16:03,575] [INFO    ]Query a Ciudades
[2021-02-07 21:16:03,591] [INFO    ]Query a ElectriCar
[2021-02-07 21:16:03,598] [INFO    ]Query a Matriz_distancia_haversine
[2021-02-07 21:16:06,779] [INFO    ]Query a Matriz_distancia_haversine completo
[2021-02-07 21:16:27,309] [INFO    ]Cerrar conexion con DB
[2021-02-07 21:16:27,310] [INFO    ]2.- Aplicar las restricciones
[2021-02-07 21:16:27,310] [INFO    ]a) Si no se especifica tipo de conector, no se aplica restriccion
[2021-02-07 21:16:27,310] [INFO    ]b) Restriccion de primera parada
[2021-02-07 21:16:27,346] [INFO    ]c) Restriccion de ultima parada
[2021-02-07 21:16:27,390] [INFO    ]Se genera el dataframe reducido que cumple con todas las restricciones
[2021-02-07 21:16:27,672] [INFO    ]df_distancias (105952, 3)
[2021-02-07 21:16:27,673] [INFO    ]df_distancias_reduced (105918, 5)
[2021-02-07 21:16:27,674] [INFO    ]3.- Calcular tiempos (de recorrido y parada)
[2021-02-07 21:16:27,674] [INFO    ]a) Tiempo de recorrido
[2021-02-07 21:16:27,676] [INFO    ]b) Tiempo de parada
[2021-02-07 21:16:27,676] [INFO    ]Filtro las distancias menores o iguales de 50 km entre las CIUDADES IMPORTANTES y el resto de coordenadas
[2021-02-07 21:16:30,619] [INFO    ]Calculo tiempo de parada para puntos de recarga
[2021-02-07 21:16:30,751] [INFO    ]Se genera el dataframe reducido con columna basada en Suma_time_parada_h
[2021-02-07 21:16:30,808] [INFO    ]4.- Construir el grafo
[2021-02-07 21:16:50,039] [INFO    ]5.- Calculo rutas optimas
[2021-02-07 21:16:50,245] [INFO    ]La ruta optima es: ['Alicante Tren', 'punto_recarga_69', 'punto_recarga_187', 'punto_recarga_249', 'punto_recarga_259', 'punto_recarga_319', 'punto_recarga_192', 'A Corunia Bus']
[2021-02-07 21:16:50,301] [INFO    ]Tiempo de parada en Alicante Tren es 0.0 h
[2021-02-07 21:16:50,301] [INFO    ]Tiempo total del tramo Alicante Tren - punto_recarga_69 es 0.6186468940479464 h
[2021-02-07 21:16:50,353] [INFO    ]Tiempo de parada en punto_recarga_69 es 0.0 h
[2021-02-07 21:16:50,353] [INFO    ]Tiempo total del tramo punto_recarga_69 - punto_recarga_187 es 2.0054659254923415 h
[2021-02-07 21:16:50,398] [INFO    ]Tiempo de parada en punto_recarga_187 es 0.6305555555555555 h
[2021-02-07 21:16:50,399] [INFO    ]Tiempo total del tramo punto_recarga_187 - punto_recarga_249 es 2.5960537498511616 h
[2021-02-07 21:16:50,441] [INFO    ]Tiempo de parada en punto_recarga_249 es 0.472979797979798 h
[2021-02-07 21:16:50,441] [INFO    ]Tiempo total del tramo punto_recarga_249 - punto_recarga_259 es 1.1877924982224164 h
[2021-02-07 21:16:50,486] [INFO    ]Tiempo de parada en punto_recarga_259 es 0.472979797979798 h
[2021-02-07 21:16:50,486] [INFO    ]Tiempo total del tramo punto_recarga_259 - punto_recarga_319 es 2.5757329937634945 h
[2021-02-07 21:16:50,529] [INFO    ]Tiempo de parada en punto_recarga_319 es 0.472979797979798 h
[2021-02-07 21:16:50,529] [INFO    ]Tiempo total del tramo punto_recarga_319 - punto_recarga_192 es 1.677133518465686 h
[2021-02-07 21:16:50,580] [INFO    ]Tiempo de parada en punto_recarga_192 es 0.472979797979798 h
[2021-02-07 21:16:50,580] [INFO    ]Tiempo total del tramo punto_recarga_192 - A Corunia Bus es 1.1673919386186293 h
[2021-02-07 21:16:50,580] [INFO    ]El tiempo total tardado es: 11.828217518461674 h
[2021-02-07 21:16:50,806] [INFO    ]6.- Carga de outputs a Base de Datos
[2021-02-07 21:16:50,806] [INFO    ]Crear conexion a DB
[2021-02-07 21:16:50,809] [INFO    ]Query a Output
[2021-02-07 21:16:50,821] [INFO    ]1 registros insertados.
[2021-02-07 21:16:50,821] [INFO    ]Cerrar conexion con DB
[2021-02-07 21:16:50,822] [INFO    ][OK] Final del script calcular_caminos_entre_puntos.py [OK]
[2021-02-07 21:16:50,870] [INFO    ]127.0.0.1 - - [07/Feb/2021 21:16:50] "[37mPOST /Route HTTP/1.1[0m" 200 -
[2021-02-07 21:16:51,075] [INFO    ]127.0.0.1 - - [07/Feb/2021 21:16:51] "[33mGET /docs/images/favicon.ico HTTP/1.1[0m" 404 -
[2021-02-07 21:17:32,149] [INFO    ] * Detected change in '/home/tfm/Documentos/TFM/ElectricRoute/flask_auth_app_lucia_sql/project/main.py', reloading
[2021-02-07 21:18:05,083] [INFO    ][OK] Llamada al script calcular_caminos_entre_puntos.py [OK]
[2021-02-07 21:18:05,083] [INFO    ]El programa lanzado es: ALL VOLKSWAGEN ID3 PURE Alicante Tren A Corunia Bus 90 10  INFO /home/tfm/Documentos/TFM/ElectricRoute/flask_auth_app_lucia_sql/logs/
[2021-02-07 21:18:05,083] [INFO    ]1.- Carga de inputs desde Base de Datos
[2021-02-07 21:18:05,083] [INFO    ]Crear conexion a DB
[2021-02-07 21:18:05,140] [INFO    ]Query a PuntosCarga
[2021-02-07 21:18:05,172] [INFO    ]Query a GasolinerasPropuesta
[2021-02-07 21:18:05,205] [INFO    ]Query a Ciudades
[2021-02-07 21:18:05,218] [INFO    ]Query a ElectriCar
[2021-02-07 21:18:05,224] [INFO    ]Query a Matriz_distancia_haversine
[2021-02-07 21:18:08,604] [INFO    ]Query a Matriz_distancia_haversine completo
[2021-02-07 21:18:26,797] [INFO    ]Cerrar conexion con DB
[2021-02-07 21:18:26,798] [INFO    ]2.- Aplicar las restricciones
[2021-02-07 21:18:26,798] [INFO    ]a) Si no se especifica tipo de conector, no se aplica restriccion
[2021-02-07 21:18:26,798] [INFO    ]b) Restriccion de primera parada
[2021-02-07 21:18:26,842] [INFO    ]c) Restriccion de ultima parada
[2021-02-07 21:18:26,885] [INFO    ]Se genera el dataframe reducido que cumple con todas las restricciones
[2021-02-07 21:18:27,161] [INFO    ]df_distancias (105952, 3)
[2021-02-07 21:18:27,162] [INFO    ]df_distancias_reduced (105918, 5)
[2021-02-07 21:18:27,162] [INFO    ]3.- Calcular tiempos (de recorrido y parada)
[2021-02-07 21:18:27,162] [INFO    ]a) Tiempo de recorrido
[2021-02-07 21:18:27,165] [INFO    ]b) Tiempo de parada
[2021-02-07 21:18:27,165] [INFO    ]Filtro las distancias menores o iguales de 50 km entre las CIUDADES IMPORTANTES y el resto de coordenadas
[2021-02-07 21:18:30,492] [INFO    ]Calculo tiempo de parada para puntos de recarga
[2021-02-07 21:18:30,597] [INFO    ]Se genera el dataframe reducido con columna basada en Suma_time_parada_h
[2021-02-07 21:18:30,647] [INFO    ]4.- Construir el grafo
[2021-02-07 21:18:51,799] [INFO    ]5.- Calculo rutas optimas
[2021-02-07 21:18:52,056] [INFO    ]La ruta optima es: ['Alicante Tren', 'punto_recarga_92', 'punto_recarga_68', 'punto_recarga_259', 'punto_recarga_282', 'A Corunia Bus']
[2021-02-07 21:18:52,105] [INFO    ]Tiempo de parada en Alicante Tren es 0.0 h
[2021-02-07 21:18:52,105] [INFO    ]Tiempo total del tramo Alicante Tren - punto_recarga_92 es 1.1940547344082093 h
[2021-02-07 21:18:52,150] [INFO    ]Tiempo de parada en punto_recarga_92 es 0.472979797979798 h
[2021-02-07 21:18:52,151] [INFO    ]Tiempo total del tramo punto_recarga_92 - punto_recarga_68 es 2.4953914981468013 h
[2021-02-07 21:18:52,196] [INFO    ]Tiempo de parada en punto_recarga_68 es 0.472979797979798 h
[2021-02-07 21:18:52,197] [INFO    ]Tiempo total del tramo punto_recarga_68 - punto_recarga_259 es 2.657647453631407 h
[2021-02-07 21:18:52,243] [INFO    ]Tiempo de parada en punto_recarga_259 es 0.472979797979798 h
[2021-02-07 21:18:52,243] [INFO    ]Tiempo total del tramo punto_recarga_259 - punto_recarga_282 es 2.6794833511800187 h
[2021-02-07 21:18:52,290] [INFO    ]Tiempo de parada en punto_recarga_282 es 1.011090909090909 h
[2021-02-07 21:18:52,290] [INFO    ]Tiempo total del tramo punto_recarga_282 - A Corunia Bus es 2.6242619351819103 h
[2021-02-07 21:18:52,290] [INFO    ]El tiempo total tardado es: 11.650838972548346 h
[2021-02-07 21:18:52,516] [INFO    ]6.- Carga de outputs a Base de Datos
[2021-02-07 21:18:52,516] [INFO    ]Crear conexion a DB
[2021-02-07 21:18:52,519] [INFO    ]Query a Output
[2021-02-07 21:18:52,525] [INFO    ]1 registros insertados.
[2021-02-07 21:18:52,525] [INFO    ]Cerrar conexion con DB
[2021-02-07 21:18:52,525] [INFO    ][OK] Final del script calcular_caminos_entre_puntos.py [OK]
[2021-02-07 21:18:52,621] [INFO    ]127.0.0.1 - - [07/Feb/2021 21:18:52] "[37mPOST /Route HTTP/1.1[0m" 200 -
[2021-02-07 21:19:24,735] [INFO    ] * Detected change in '/home/tfm/Documentos/TFM/ElectricRoute/flask_auth_app_lucia_sql/project/main.py', reloading
[2021-02-07 21:22:38,434] [INFO    ][OK] Llamada al script calcular_caminos_entre_puntos.py [OK]
[2021-02-07 21:22:38,435] [INFO    ]El programa lanzado es: ALL VOLKSWAGEN ID3 PURE Alicante Tren A Corunia Bus 90 10  INFO /home/tfm/Documentos/TFM/ElectricRoute/flask_auth_app_lucia_sql/logs/
[2021-02-07 21:22:38,435] [INFO    ]1.- Carga de inputs desde Base de Datos
[2021-02-07 21:22:38,435] [INFO    ]Crear conexion a DB
[2021-02-07 21:22:38,485] [INFO    ]Query a PuntosCarga
[2021-02-07 21:22:38,515] [INFO    ]Query a GasolinerasPropuesta
[2021-02-07 21:22:38,544] [INFO    ]Query a Ciudades
[2021-02-07 21:22:38,552] [INFO    ]Query a ElectriCar
[2021-02-07 21:22:38,558] [INFO    ]Query a Matriz_distancia_haversine
[2021-02-07 21:22:41,766] [INFO    ]Query a Matriz_distancia_haversine completo
[2021-02-07 21:22:59,802] [INFO    ]Cerrar conexion con DB
[2021-02-07 21:22:59,803] [INFO    ]2.- Aplicar las restricciones
[2021-02-07 21:22:59,803] [INFO    ]a) Si no se especifica tipo de conector, no se aplica restriccion
[2021-02-07 21:22:59,803] [INFO    ]b) Restriccion de primera parada
[2021-02-07 21:22:59,837] [INFO    ]c) Restriccion de ultima parada
[2021-02-07 21:22:59,874] [INFO    ]Se genera el dataframe reducido que cumple con todas las restricciones
[2021-02-07 21:23:00,139] [INFO    ]df_distancias (105952, 3)
[2021-02-07 21:23:00,140] [INFO    ]df_distancias_reduced (105918, 5)
[2021-02-07 21:23:00,140] [INFO    ]3.- Calcular tiempos (de recorrido y parada)
[2021-02-07 21:23:00,140] [INFO    ]a) Tiempo de recorrido
[2021-02-07 21:23:00,142] [INFO    ]b) Tiempo de parada
[2021-02-07 21:23:00,142] [INFO    ]Filtro las distancias menores o iguales de 50 km entre las CIUDADES IMPORTANTES y el resto de coordenadas
[2021-02-07 21:23:02,711] [INFO    ]Calculo tiempo de parada para puntos de recarga
[2021-02-07 21:23:02,818] [INFO    ]Se genera el dataframe reducido con columna basada en Suma_time_parada_h
[2021-02-07 21:23:02,867] [INFO    ]4.- Construir el grafo
[2021-02-07 21:23:24,142] [INFO    ]5.- Calculo rutas optimas
[2021-02-07 21:23:24,367] [INFO    ]La ruta optima es: ['Alicante Tren', 'punto_recarga_69', 'punto_recarga_187', 'punto_recarga_249', 'punto_recarga_259', 'punto_recarga_282', 'A Corunia Bus']
[2021-02-07 21:23:24,415] [INFO    ]Tiempo de parada en Alicante Tren es 0.0 h
[2021-02-07 21:23:24,415] [INFO    ]Tiempo total del tramo Alicante Tren - punto_recarga_69 es 0.6186468940479464 h
[2021-02-07 21:23:24,461] [INFO    ]Tiempo de parada en punto_recarga_69 es 0.0 h
[2021-02-07 21:23:24,461] [INFO    ]Tiempo total del tramo punto_recarga_69 - punto_recarga_187 es 2.0054659254923415 h
[2021-02-07 21:23:24,506] [INFO    ]Tiempo de parada en punto_recarga_187 es 0.472979797979798 h
[2021-02-07 21:23:24,506] [INFO    ]Tiempo total del tramo punto_recarga_187 - punto_recarga_249 es 2.438477992275404 h
[2021-02-07 21:23:24,553] [INFO    ]Tiempo de parada en punto_recarga_249 es 0.472979797979798 h
[2021-02-07 21:23:24,554] [INFO    ]Tiempo total del tramo punto_recarga_249 - punto_recarga_259 es 1.1877924982224164 h
[2021-02-07 21:23:24,601] [INFO    ]Tiempo de parada en punto_recarga_259 es 0.472979797979798 h
[2021-02-07 21:23:24,602] [INFO    ]Tiempo total del tramo punto_recarga_259 - punto_recarga_282 es 2.6794833511800187 h
[2021-02-07 21:23:24,646] [INFO    ]Tiempo de parada en punto_recarga_282 es 1.1686666666666667 h
[2021-02-07 21:23:24,646] [INFO    ]Tiempo total del tramo punto_recarga_282 - A Corunia Bus es 2.7818376927576685 h
[2021-02-07 21:23:24,646] [INFO    ]El tiempo total tardado es: 11.711704353975797 h
[2021-02-07 21:23:24,906] [INFO    ]6.- Carga de outputs a Base de Datos
[2021-02-07 21:23:24,907] [INFO    ]Crear conexion a DB
[2021-02-07 21:23:24,914] [INFO    ]Query a Output
[2021-02-07 21:23:24,925] [INFO    ]1 registros insertados.
[2021-02-07 21:23:24,926] [INFO    ]Cerrar conexion con DB
[2021-02-07 21:23:24,926] [INFO    ][OK] Final del script calcular_caminos_entre_puntos.py [OK]
[2021-02-07 21:23:25,029] [INFO    ]127.0.0.1 - - [07/Feb/2021 21:23:25] "[37mPOST /Route HTTP/1.1[0m" 200 -
[2021-02-07 21:23:25,105] [INFO    ]127.0.0.1 - - [07/Feb/2021 21:23:25] "[36mGET /static/dist/leaflet-routing-machine.js HTTP/1.1[0m" 304 -
[2021-02-07 21:23:25,131] [INFO    ]127.0.0.1 - - [07/Feb/2021 21:23:25] "[36mGET /static/vendor/jquery-easing/jquery.easing.min.js HTTP/1.1[0m" 304 -
[2021-02-07 21:23:25,140] [INFO    ]127.0.0.1 - - [07/Feb/2021 21:23:25] "[36mGET /static/vendor/jquery/jquery.min.js HTTP/1.1[0m" 304 -
[2021-02-07 21:23:25,145] [INFO    ]127.0.0.1 - - [07/Feb/2021 21:23:25] "[36mGET /static/vendor/bootstrap/js/bootstrap.bundle.min.js HTTP/1.1[0m" 304 -
[2021-02-07 21:23:25,150] [INFO    ]127.0.0.1 - - [07/Feb/2021 21:23:25] "[36mGET /static/js/sb-admin-2.min.js HTTP/1.1[0m" 304 -
[2021-02-07 21:23:25,523] [INFO    ]127.0.0.1 - - [07/Feb/2021 21:23:25] "[36mGET /static/img/avatar_login.jpg HTTP/1.1[0m" 304 -
[2021-02-07 21:37:47,912] [INFO    ][OK] Llamada al script calcular_caminos_entre_puntos.py [OK]
[2021-02-07 21:37:47,912] [INFO    ]El programa lanzado es: ALL VOLKSWAGEN ID3 PURE Alicante Tren A Corunia Bus 90 10  INFO /home/tfm/Documentos/TFM/ElectricRoute/flask_auth_app_lucia_sql/logs/
[2021-02-07 21:37:47,912] [INFO    ]1.- Carga de inputs desde Base de Datos
[2021-02-07 21:37:47,912] [INFO    ]Crear conexion a DB
[2021-02-07 21:37:47,916] [INFO    ]Query a PuntosCarga
[2021-02-07 21:37:47,963] [INFO    ]Query a GasolinerasPropuesta
[2021-02-07 21:37:47,996] [INFO    ]Query a Ciudades
[2021-02-07 21:37:48,007] [INFO    ]Query a ElectriCar
[2021-02-07 21:37:48,014] [INFO    ]Query a Matriz_distancia_haversine
[2021-02-07 21:37:51,071] [INFO    ]Query a Matriz_distancia_haversine completo
[2021-02-07 21:38:06,260] [INFO    ] * Detected change in '/home/tfm/Documentos/TFM/ElectricRoute/flask_auth_app_lucia_sql/project/main.py', reloading
